<?xml version="1.0" encoding="UTF-8"?>
<testsuite name="com.sample.api.test.ProductServiceTest" time="0.003" tests="1" errors="1" skipped="0" failures="0">
  <properties>
    <property name="java.runtime.name" value="Java(TM) SE Runtime Environment"/>
    <property name="sun.boot.library.path" value="C:\Program Files\Java\jdk1.8.0_112\jre\bin"/>
    <property name="java.vm.version" value="25.112-b15"/>
    <property name="java.vm.vendor" value="Oracle Corporation"/>
    <property name="maven.multiModuleProjectDirectory" value="D:\20. My Research\Hackathon\pinkpenther\pinkpenther"/>
    <property name="java.vendor.url" value="http://java.oracle.com/"/>
    <property name="path.separator" value=";"/>
    <property name="guice.disable.misplaced.annotation.check" value="true"/>
    <property name="java.vm.name" value="Java HotSpot(TM) 64-Bit Server VM"/>
    <property name="file.encoding.pkg" value="sun.io"/>
    <property name="user.script" value=""/>
    <property name="user.country" value="US"/>
    <property name="sun.java.launcher" value="SUN_STANDARD"/>
    <property name="sun.os.patch.level" value="Service Pack 1"/>
    <property name="java.vm.specification.name" value="Java Virtual Machine Specification"/>
    <property name="user.dir" value="D:\20. My Research\Hackathon\pinkpenther\pinkpenther"/>
    <property name="java.runtime.version" value="1.8.0_112-b15"/>
    <property name="java.awt.graphicsenv" value="sun.awt.Win32GraphicsEnvironment"/>
    <property name="java.endorsed.dirs" value="C:\Program Files\Java\jdk1.8.0_112\jre\lib\endorsed"/>
    <property name="os.arch" value="amd64"/>
    <property name="java.io.tmpdir" value="C:\Users\plamb1\AppData\Local\Temp\"/>
    <property name="line.separator" value="&#10;"/>
    <property name="java.vm.specification.vendor" value="Oracle Corporation"/>
    <property name="user.variant" value=""/>
    <property name="os.name" value="Windows 7"/>
    <property name="classworlds.conf" value="C:\Program Files\Apache Software Foundation\apache-maven-3.3.3\bin\..\bin\m2.conf"/>
    <property name="sun.jnu.encoding" value="Cp1252"/>
    <property name="java.library.path" value="C:\Program Files\Java\jdk1.8.0_112\bin;C:\Windows\Sun\Java\bin;C:\Windows\system32;C:\Windows;C:\Program Files\Git\bin;C:\oraclexe\app\oracle\product\11.2.0\server\bin;D:\Install\apache-maven-3.3.9\bin;D:\Project\Ruby22-x64\bin;C:\Ruby22-x64\bin;C:\Program Files\Java\jdk1.8.0_112\bin;C:\Program Files\MongoDB\bin\;C:\oraclexe\app\oracle\product\11.2.0\server\bin;C:\ProgramData\Oracle\Java\javapath;C:\Windows\SYSTEM32;C:\Windows;C:\Windows\SYSTEM32\WBEM;C:\Windows\SYSTEM32\WINDOWSPOWERSHELL\V1.0\;C:\Program Files\TortoiseSVN\bin;C:\Program Files\Intel\WiFi\bin\;C:\Program Files\Common Files\Intel\WirelessCommon\;C:\Program Files\Apache Software Foundation\apache-maven-3.3.3\bin;C:\Program Files\TortoiseGit\bin;C:\Android;C:\Windows\System32;C:\Program Files\nodejs\;C:\Program Files\Intel\WiFi\bin\;C:\Program Files\Common Files\Intel\WirelessCommon\;C:\Users\plamb1\AppData\Local\atom\bin;C:\Users\plamb1\AppData\Roaming\npm;C:\Program Files\Heroku\bin;."/>
    <property name="java.specification.name" value="Java Platform API Specification"/>
    <property name="java.class.version" value="52.0"/>
    <property name="sun.management.compiler" value="HotSpot 64-Bit Tiered Compilers"/>
    <property name="os.version" value="6.1"/>
    <property name="user.home" value="C:\Users\plamb1"/>
    <property name="user.timezone" value="America/New_York"/>
    <property name="java.awt.printerjob" value="sun.awt.windows.WPrinterJob"/>
    <property name="java.specification.version" value="1.8"/>
    <property name="file.encoding" value="Cp1252"/>
    <property name="user.name" value="plamb1"/>
    <property name="java.class.path" value="C:\Program Files\Apache Software Foundation\apache-maven-3.3.3\bin\..\boot\plexus-classworlds-2.5.2.jar"/>
    <property name="java.vm.specification.version" value="1.8"/>
    <property name="sun.arch.data.model" value="64"/>
    <property name="java.home" value="C:\Program Files\Java\jdk1.8.0_112\jre"/>
    <property name="sun.java.command" value="org.codehaus.plexus.classworlds.launcher.Launcher package"/>
    <property name="java.specification.vendor" value="Oracle Corporation"/>
    <property name="user.language" value="en"/>
    <property name="awt.toolkit" value="sun.awt.windows.WToolkit"/>
    <property name="java.vm.info" value="mixed mode"/>
    <property name="java.version" value="1.8.0_112"/>
    <property name="java.ext.dirs" value="C:\Program Files\Java\jdk1.8.0_112\jre\lib\ext;C:\Windows\Sun\Java\lib\ext"/>
    <property name="sun.boot.class.path" value="C:\Program Files\Java\jdk1.8.0_112\jre\lib\resources.jar;C:\Program Files\Java\jdk1.8.0_112\jre\lib\rt.jar;C:\Program Files\Java\jdk1.8.0_112\jre\lib\sunrsasign.jar;C:\Program Files\Java\jdk1.8.0_112\jre\lib\jsse.jar;C:\Program Files\Java\jdk1.8.0_112\jre\lib\jce.jar;C:\Program Files\Java\jdk1.8.0_112\jre\lib\charsets.jar;C:\Program Files\Java\jdk1.8.0_112\jre\lib\jfr.jar;C:\Program Files\Java\jdk1.8.0_112\jre\classes"/>
    <property name="sun.stderr.encoding" value="cp437"/>
    <property name="java.vendor" value="Oracle Corporation"/>
    <property name="maven.home" value="C:\Program Files\Apache Software Foundation\apache-maven-3.3.3\bin\.."/>
    <property name="file.separator" value="\"/>
    <property name="java.vendor.url.bug" value="http://bugreport.sun.com/bugreport/"/>
    <property name="sun.cpu.endian" value="little"/>
    <property name="sun.io.unicode.encoding" value="UnicodeLittle"/>
    <property name="sun.stdout.encoding" value="cp437"/>
    <property name="sun.desktop" value="windows"/>
    <property name="sun.cpu.isalist" value="amd64"/>
  </properties>
  <testcase name="initializationError" classname="com.sample.api.test.ProductServiceTest" time="0.003">
    <error message="Unable to find a @SpringBootConfiguration, you need to use @ContextConfiguration or @SpringBootTest(classes=...) with your test" type="java.lang.IllegalStateException"><![CDATA[java.lang.IllegalStateException: Unable to find a @SpringBootConfiguration, you need to use @ContextConfiguration or @SpringBootTest(classes=...) with your test
	at org.springframework.util.Assert.state(Assert.java:392)
	at org.springframework.boot.test.context.SpringBootTestContextBootstrapper.getOrFindConfigurationClasses(SpringBootTestContextBootstrapper.java:173)
	at org.springframework.boot.test.context.SpringBootTestContextBootstrapper.processMergedContextConfiguration(SpringBootTestContextBootstrapper.java:133)
	at org.springframework.test.context.support.AbstractTestContextBootstrapper.buildMergedContextConfiguration(AbstractTestContextBootstrapper.java:409)
	at org.springframework.test.context.support.AbstractTestContextBootstrapper.buildDefaultMergedContextConfiguration(AbstractTestContextBootstrapper.java:323)
	at org.springframework.test.context.support.AbstractTestContextBootstrapper.buildMergedContextConfiguration(AbstractTestContextBootstrapper.java:277)
	at org.springframework.test.context.support.AbstractTestContextBootstrapper.buildTestContext(AbstractTestContextBootstrapper.java:112)
	at org.springframework.boot.test.context.SpringBootTestContextBootstrapper.buildTestContext(SpringBootTestContextBootstrapper.java:78)
	at org.springframework.test.context.TestContextManager.<init>(TestContextManager.java:120)
	at org.springframework.test.context.TestContextManager.<init>(TestContextManager.java:105)
	at org.springframework.test.context.junit4.SpringJUnit4ClassRunner.createTestContextManager(SpringJUnit4ClassRunner.java:152)
	at org.springframework.test.context.junit4.SpringJUnit4ClassRunner.<init>(SpringJUnit4ClassRunner.java:143)
	at org.springframework.test.context.junit4.SpringRunner.<init>(SpringRunner.java:49)
	at sun.reflect.NativeConstructorAccessorImpl.newInstance0(Native Method)
	at sun.reflect.NativeConstructorAccessorImpl.newInstance(NativeConstructorAccessorImpl.java:62)
	at sun.reflect.DelegatingConstructorAccessorImpl.newInstance(DelegatingConstructorAccessorImpl.java:45)
	at java.lang.reflect.Constructor.newInstance(Constructor.java:423)
	at org.junit.internal.builders.AnnotatedBuilder.buildRunner(AnnotatedBuilder.java:104)
	at org.junit.internal.builders.AnnotatedBuilder.runnerForClass(AnnotatedBuilder.java:86)
	at org.junit.runners.model.RunnerBuilder.safeRunnerForClass(RunnerBuilder.java:59)
	at org.junit.internal.builders.AllDefaultPossibilitiesBuilder.runnerForClass(AllDefaultPossibilitiesBuilder.java:26)
	at org.junit.runners.model.RunnerBuilder.safeRunnerForClass(RunnerBuilder.java:59)
	at org.junit.internal.requests.ClassRequest.getRunner(ClassRequest.java:33)
	at org.apache.maven.surefire.junit4.JUnit4Provider.execute(JUnit4Provider.java:283)
	at org.apache.maven.surefire.junit4.JUnit4Provider.executeWithRerun(JUnit4Provider.java:173)
	at org.apache.maven.surefire.junit4.JUnit4Provider.executeTestSet(JUnit4Provider.java:153)
	at org.apache.maven.surefire.junit4.JUnit4Provider.invoke(JUnit4Provider.java:128)
	at org.apache.maven.surefire.booter.ForkedBooter.invokeProviderInSameClassLoader(ForkedBooter.java:203)
	at org.apache.maven.surefire.booter.ForkedBooter.runSuitesInProcess(ForkedBooter.java:155)
	at org.apache.maven.surefire.booter.ForkedBooter.main(ForkedBooter.java:103)
]]></error>
    <system-out><![CDATA[11:25:45.106 [main] DEBUG org.springframework.test.context.junit4.SpringJUnit4ClassRunner - SpringJUnit4ClassRunner constructor called with [class com.sample.api.test.ProductServiceTest]
11:25:45.112 [main] DEBUG org.springframework.test.context.BootstrapUtils - Instantiating CacheAwareContextLoaderDelegate from class [org.springframework.test.context.cache.DefaultCacheAwareContextLoaderDelegate]
11:25:45.120 [main] DEBUG org.springframework.test.context.BootstrapUtils - Instantiating BootstrapContext using constructor [public org.springframework.test.context.support.DefaultBootstrapContext(java.lang.Class,org.springframework.test.context.CacheAwareContextLoaderDelegate)]
11:25:45.137 [main] DEBUG org.springframework.test.context.BootstrapUtils - Instantiating TestContextBootstrapper for test class [com.sample.api.test.ProductServiceTest] from class [org.springframework.boot.test.context.SpringBootTestContextBootstrapper]
11:25:45.149 [main] INFO org.springframework.boot.test.context.SpringBootTestContextBootstrapper - Neither @ContextConfiguration nor @ContextHierarchy found for test class [com.sample.api.test.ProductServiceTest], using SpringBootContextLoader
11:25:45.153 [main] DEBUG org.springframework.test.context.support.AbstractContextLoader - Did not detect default resource location for test class [com.sample.api.test.ProductServiceTest]: class path resource [com/sample/api/test/ProductServiceTest-context.xml] does not exist
11:25:45.154 [main] DEBUG org.springframework.test.context.support.AbstractContextLoader - Did not detect default resource location for test class [com.sample.api.test.ProductServiceTest]: class path resource [com/sample/api/test/ProductServiceTestContext.groovy] does not exist
11:25:45.154 [main] INFO org.springframework.test.context.support.AbstractContextLoader - Could not detect default resource locations for test class [com.sample.api.test.ProductServiceTest]: no resource found for suffixes {-context.xml, Context.groovy}.
11:25:45.155 [main] INFO org.springframework.test.context.support.AnnotationConfigContextLoaderUtils - Could not detect default configuration classes for test class [com.sample.api.test.ProductServiceTest]: ProductServiceTest does not declare any static, non-private, non-final, nested classes annotated with @Configuration.
11:25:45.194 [main] DEBUG org.springframework.test.context.support.ActiveProfilesUtils - Could not find an 'annotation declaring class' for annotation type [org.springframework.test.context.ActiveProfiles] and class [com.sample.api.test.ProductServiceTest]
11:25:45.204 [main] DEBUG org.springframework.core.env.StandardEnvironment - Adding [systemProperties] PropertySource with lowest search precedence
11:25:45.204 [main] DEBUG org.springframework.core.env.StandardEnvironment - Adding [systemEnvironment] PropertySource with lowest search precedence
11:25:45.205 [main] DEBUG org.springframework.core.env.StandardEnvironment - Initialized StandardEnvironment with PropertySources [systemProperties,systemEnvironment]
11:25:45.214 [main] DEBUG org.springframework.core.io.support.PathMatchingResourcePatternResolver - Resolved classpath location [com/sample/api/test/] to resources [URL [file:/D:/20.%20My%20Research/Hackathon/pinkpenther/pinkpenther/target/test-classes/com/sample/api/test/]]
11:25:45.214 [main] DEBUG org.springframework.core.io.support.PathMatchingResourcePatternResolver - Looking for matching resources in directory tree [D:\20. My Research\Hackathon\pinkpenther\pinkpenther\target\test-classes\com\sample\api\test]
11:25:45.214 [main] DEBUG org.springframework.core.io.support.PathMatchingResourcePatternResolver - Searching directory [D:\20. My Research\Hackathon\pinkpenther\pinkpenther\target\test-classes\com\sample\api\test] for files matching pattern [D:/20. My Research/Hackathon/pinkpenther/pinkpenther/target/test-classes/com/sample/api/test/*.class]
11:25:45.218 [main] DEBUG org.springframework.core.io.support.PathMatchingResourcePatternResolver - Resolved location pattern [classpath*:com/sample/api/test/*.class] to resources [file [D:\20. My Research\Hackathon\pinkpenther\pinkpenther\target\test-classes\com\sample\api\test\ProductServiceTest.class]]
11:25:45.232 [main] DEBUG org.springframework.core.io.support.PathMatchingResourcePatternResolver - Resolved classpath location [com/sample/api/] to resources [URL [file:/D:/20.%20My%20Research/Hackathon/pinkpenther/pinkpenther/target/test-classes/com/sample/api/], URL [file:/D:/20.%20My%20Research/Hackathon/pinkpenther/pinkpenther/target/classes/com/sample/api/]]
11:25:45.232 [main] DEBUG org.springframework.core.io.support.PathMatchingResourcePatternResolver - Looking for matching resources in directory tree [D:\20. My Research\Hackathon\pinkpenther\pinkpenther\target\test-classes\com\sample\api]
11:25:45.232 [main] DEBUG org.springframework.core.io.support.PathMatchingResourcePatternResolver - Searching directory [D:\20. My Research\Hackathon\pinkpenther\pinkpenther\target\test-classes\com\sample\api] for files matching pattern [D:/20. My Research/Hackathon/pinkpenther/pinkpenther/target/test-classes/com/sample/api/*.class]
11:25:45.233 [main] DEBUG org.springframework.core.io.support.PathMatchingResourcePatternResolver - Looking for matching resources in directory tree [D:\20. My Research\Hackathon\pinkpenther\pinkpenther\target\classes\com\sample\api]
11:25:45.233 [main] DEBUG org.springframework.core.io.support.PathMatchingResourcePatternResolver - Searching directory [D:\20. My Research\Hackathon\pinkpenther\pinkpenther\target\classes\com\sample\api] for files matching pattern [D:/20. My Research/Hackathon/pinkpenther/pinkpenther/target/classes/com/sample/api/*.class]
11:25:45.234 [main] DEBUG org.springframework.core.io.support.PathMatchingResourcePatternResolver - Resolved location pattern [classpath*:com/sample/api/*.class] to resources []
11:25:45.235 [main] DEBUG org.springframework.core.io.support.PathMatchingResourcePatternResolver - Resolved classpath location [com/sample/] to resources [URL [file:/D:/20.%20My%20Research/Hackathon/pinkpenther/pinkpenther/target/test-classes/com/sample/], URL [file:/D:/20.%20My%20Research/Hackathon/pinkpenther/pinkpenther/target/classes/com/sample/]]
11:25:45.235 [main] DEBUG org.springframework.core.io.support.PathMatchingResourcePatternResolver - Looking for matching resources in directory tree [D:\20. My Research\Hackathon\pinkpenther\pinkpenther\target\test-classes\com\sample]
11:25:45.235 [main] DEBUG org.springframework.core.io.support.PathMatchingResourcePatternResolver - Searching directory [D:\20. My Research\Hackathon\pinkpenther\pinkpenther\target\test-classes\com\sample] for files matching pattern [D:/20. My Research/Hackathon/pinkpenther/pinkpenther/target/test-classes/com/sample/*.class]
11:25:45.236 [main] DEBUG org.springframework.core.io.support.PathMatchingResourcePatternResolver - Looking for matching resources in directory tree [D:\20. My Research\Hackathon\pinkpenther\pinkpenther\target\classes\com\sample]
11:25:45.237 [main] DEBUG org.springframework.core.io.support.PathMatchingResourcePatternResolver - Searching directory [D:\20. My Research\Hackathon\pinkpenther\pinkpenther\target\classes\com\sample] for files matching pattern [D:/20. My Research/Hackathon/pinkpenther/pinkpenther/target/classes/com/sample/*.class]
11:25:45.237 [main] DEBUG org.springframework.core.io.support.PathMatchingResourcePatternResolver - Resolved location pattern [classpath*:com/sample/*.class] to resources []
11:25:45.241 [main] DEBUG org.springframework.core.io.support.PathMatchingResourcePatternResolver - Resolved classpath location [com/] to resources [URL [file:/D:/20.%20My%20Research/Hackathon/pinkpenther/pinkpenther/target/test-classes/com/], URL [file:/D:/20.%20My%20Research/Hackathon/pinkpenther/pinkpenther/target/classes/com/], URL [jar:file:/C:/Users/plamb1/.m2/repository/com/fasterxml/jackson/core/jackson-databind/2.8.6/jackson-databind-2.8.6.jar!/com/], URL [jar:file:/C:/Users/plamb1/.m2/repository/com/jayway/jsonpath/json-path/2.2.0/json-path-2.2.0.jar!/com/], URL [jar:file:/C:/Users/plamb1/.m2/repository/com/google/guava/guava/18.0/guava-18.0.jar!/com/], URL [jar:file:/C:/Users/plamb1/.m2/repository/com/fasterxml/classmate/1.3.3/classmate-1.3.3.jar!/com/], URL [jar:file:/C:/Users/plamb1/.m2/repository/com/fasterxml/jackson/datatype/jackson-datatype-joda/2.8.6/jackson-datatype-joda-2.8.6.jar!/com/], URL [jar:file:/C:/Users/plamb1/.m2/repository/com/fasterxml/jackson/core/jackson-annotations/2.8.0/jackson-annotations-2.8.0.jar!/com/], URL [jar:file:/C:/Users/plamb1/.m2/repository/com/fasterxml/jackson/core/jackson-core/2.8.6/jackson-core-2.8.6.jar!/com/], URL [jar:file:/C:/Users/plamb1/.m2/repository/com/netflix/eureka/eureka-client/1.4.12/eureka-client-1.4.12.jar!/com/], URL [jar:file:/C:/Users/plamb1/.m2/repository/com/netflix/netflix-commons/netflix-eventbus/0.3.0/netflix-eventbus-0.3.0.jar!/com/], URL [jar:file:/C:/Users/plamb1/.m2/repository/com/netflix/netflix-commons/netflix-infix/0.3.0/netflix-infix-0.3.0.jar!/com/], URL [jar:file:/C:/Users/plamb1/.m2/repository/com/google/code/gson/gson/2.8.0/gson-2.8.0.jar!/com/], URL [jar:file:/C:/Users/plamb1/.m2/repository/com/netflix/archaius/archaius-core/0.7.4/archaius-core-0.7.4.jar!/com/], URL [jar:file:/C:/Users/plamb1/.m2/repository/com/netflix/servo/servo-core/0.10.1/servo-core-0.10.1.jar!/com/], URL [jar:file:/C:/Users/plamb1/.m2/repository/com/netflix/servo/servo-internal/0.10.1/servo-internal-0.10.1.jar!/com/], URL [jar:file:/C:/Users/plamb1/.m2/repository/com/sun/jersey/jersey-core/1.19.1/jersey-core-1.19.1.jar!/com/], URL [jar:file:/C:/Users/plamb1/.m2/repository/com/sun/jersey/jersey-client/1.19.1/jersey-client-1.19.1.jar!/com/], URL [jar:file:/C:/Users/plamb1/.m2/repository/com/sun/jersey/contribs/jersey-apache-client4/1.19.1/jersey-apache-client4-1.19.1.jar!/com/], URL [jar:file:/C:/Users/plamb1/.m2/repository/com/google/inject/guice/4.0/guice-4.0.jar!/com/], URL [jar:file:/C:/Users/plamb1/.m2/repository/com/netflix/governator/governator-api/1.12.10/governator-api-1.12.10.jar!/com/], URL [jar:file:/C:/Users/plamb1/.m2/repository/com/netflix/eureka/eureka-core/1.4.12/eureka-core-1.4.12.jar!/com/], URL [jar:file:/C:/Users/plamb1/.m2/repository/com/netflix/governator/governator/1.12.10/governator-1.12.10.jar!/com/], URL [jar:file:/C:/Users/plamb1/.m2/repository/com/netflix/governator/governator-core/1.12.10/governator-core-1.12.10.jar!/com/], URL [jar:file:/C:/Users/plamb1/.m2/repository/com/google/inject/extensions/guice-multibindings/4.0/guice-multibindings-4.0.jar!/com/], URL [jar:file:/C:/Users/plamb1/.m2/repository/com/google/inject/extensions/guice-grapher/4.0/guice-grapher-4.0.jar!/com/], URL [jar:file:/C:/Users/plamb1/.m2/repository/com/google/inject/extensions/guice-assistedinject/4.0/guice-assistedinject-4.0.jar!/com/], URL [jar:file:/C:/Users/plamb1/.m2/repository/org/codehaus/woodstox/woodstox-core-asl/4.4.1/woodstox-core-asl-4.4.1.jar!/com/], URL [jar:file:/C:/Users/plamb1/.m2/repository/com/netflix/ribbon/ribbon/2.2.0/ribbon-2.2.0.jar!/com/], URL [jar:file:/C:/Users/plamb1/.m2/repository/com/netflix/ribbon/ribbon-transport/2.2.0/ribbon-transport-2.2.0.jar!/com/], URL [jar:file:/C:/Users/plamb1/.m2/repository/io/reactivex/rxnetty-contexts/0.4.9/rxnetty-contexts-0.4.9.jar!/com/], URL [jar:file:/C:/Users/plamb1/.m2/repository/com/netflix/hystrix/hystrix-core/1.5.6/hystrix-core-1.5.6.jar!/com/], URL [jar:file:/C:/Users/plamb1/.m2/repository/com/netflix/ribbon/ribbon-core/2.2.0/ribbon-core-2.2.0.jar!/com/], URL [jar:file:/C:/Users/plamb1/.m2/repository/com/netflix/ribbon/ribbon-httpclient/2.2.0/ribbon-httpclient-2.2.0.jar!/com/], URL [jar:file:/C:/Users/plamb1/.m2/repository/com/netflix/netflix-commons/netflix-commons-util/0.1.1/netflix-commons-util-0.1.1.jar!/com/], URL [jar:file:/C:/Users/plamb1/.m2/repository/com/netflix/ribbon/ribbon-loadbalancer/2.2.0/ribbon-loadbalancer-2.2.0.jar!/com/], URL [jar:file:/C:/Users/plamb1/.m2/repository/com/netflix/netflix-commons/netflix-statistics/0.1.1/netflix-statistics-0.1.1.jar!/com/], URL [jar:file:/C:/Users/plamb1/.m2/repository/com/netflix/ribbon/ribbon-eureka/2.2.0/ribbon-eureka-2.2.0.jar!/com/], URL [jar:file:/C:/Users/plamb1/.m2/repository/com/thoughtworks/xstream/xstream/1.4.9/xstream-1.4.9.jar!/com/]]
11:25:45.242 [main] DEBUG org.springframework.core.io.support.PathMatchingResourcePatternResolver - Looking for matching resources in directory tree [D:\20. My Research\Hackathon\pinkpenther\pinkpenther\target\test-classes\com]
11:25:45.242 [main] DEBUG org.springframework.core.io.support.PathMatchingResourcePatternResolver - Searching directory [D:\20. My Research\Hackathon\pinkpenther\pinkpenther\target\test-classes\com] for files matching pattern [D:/20. My Research/Hackathon/pinkpenther/pinkpenther/target/test-classes/com/*.class]
11:25:45.243 [main] DEBUG org.springframework.core.io.support.PathMatchingResourcePatternResolver - Looking for matching resources in directory tree [D:\20. My Research\Hackathon\pinkpenther\pinkpenther\target\classes\com]
11:25:45.243 [main] DEBUG org.springframework.core.io.support.PathMatchingResourcePatternResolver - Searching directory [D:\20. My Research\Hackathon\pinkpenther\pinkpenther\target\classes\com] for files matching pattern [D:/20. My Research/Hackathon/pinkpenther/pinkpenther/target/classes/com/*.class]
11:25:45.244 [main] DEBUG org.springframework.core.io.support.PathMatchingResourcePatternResolver - Looking for matching resources in jar file [file:/C:/Users/plamb1/.m2/repository/com/fasterxml/jackson/core/jackson-databind/2.8.6/jackson-databind-2.8.6.jar]
11:25:45.255 [main] DEBUG org.springframework.core.io.support.PathMatchingResourcePatternResolver - Looking for matching resources in jar file [file:/C:/Users/plamb1/.m2/repository/com/jayway/jsonpath/json-path/2.2.0/json-path-2.2.0.jar]
11:25:45.258 [main] DEBUG org.springframework.core.io.support.PathMatchingResourcePatternResolver - Looking for matching resources in jar file [file:/C:/Users/plamb1/.m2/repository/com/google/guava/guava/18.0/guava-18.0.jar]
11:25:45.269 [main] DEBUG org.springframework.core.io.support.PathMatchingResourcePatternResolver - Looking for matching resources in jar file [file:/C:/Users/plamb1/.m2/repository/com/fasterxml/classmate/1.3.3/classmate-1.3.3.jar]
11:25:45.270 [main] DEBUG org.springframework.core.io.support.PathMatchingResourcePatternResolver - Looking for matching resources in jar file [file:/C:/Users/plamb1/.m2/repository/com/fasterxml/jackson/datatype/jackson-datatype-joda/2.8.6/jackson-datatype-joda-2.8.6.jar]
11:25:45.271 [main] DEBUG org.springframework.core.io.support.PathMatchingResourcePatternResolver - Looking for matching resources in jar file [file:/C:/Users/plamb1/.m2/repository/com/fasterxml/jackson/core/jackson-annotations/2.8.0/jackson-annotations-2.8.0.jar]
11:25:45.272 [main] DEBUG org.springframework.core.io.support.PathMatchingResourcePatternResolver - Looking for matching resources in jar file [file:/C:/Users/plamb1/.m2/repository/com/fasterxml/jackson/core/jackson-core/2.8.6/jackson-core-2.8.6.jar]
11:25:45.273 [main] DEBUG org.springframework.core.io.support.PathMatchingResourcePatternResolver - Looking for matching resources in jar file [file:/C:/Users/plamb1/.m2/repository/com/netflix/eureka/eureka-client/1.4.12/eureka-client-1.4.12.jar]
11:25:45.275 [main] DEBUG org.springframework.core.io.support.PathMatchingResourcePatternResolver - Looking for matching resources in jar file [file:/C:/Users/plamb1/.m2/repository/com/netflix/netflix-commons/netflix-eventbus/0.3.0/netflix-eventbus-0.3.0.jar]
11:25:45.276 [main] DEBUG org.springframework.core.io.support.PathMatchingResourcePatternResolver - Looking for matching resources in jar file [file:/C:/Users/plamb1/.m2/repository/com/netflix/netflix-commons/netflix-infix/0.3.0/netflix-infix-0.3.0.jar]
11:25:45.277 [main] DEBUG org.springframework.core.io.support.PathMatchingResourcePatternResolver - Looking for matching resources in jar file [file:/C:/Users/plamb1/.m2/repository/com/google/code/gson/gson/2.8.0/gson-2.8.0.jar]
11:25:45.278 [main] DEBUG org.springframework.core.io.support.PathMatchingResourcePatternResolver - Looking for matching resources in jar file [file:/C:/Users/plamb1/.m2/repository/com/netflix/archaius/archaius-core/0.7.4/archaius-core-0.7.4.jar]
11:25:45.279 [main] DEBUG org.springframework.core.io.support.PathMatchingResourcePatternResolver - Looking for matching resources in jar file [file:/C:/Users/plamb1/.m2/repository/com/netflix/servo/servo-core/0.10.1/servo-core-0.10.1.jar]
11:25:45.280 [main] DEBUG org.springframework.core.io.support.PathMatchingResourcePatternResolver - Looking for matching resources in jar file [file:/C:/Users/plamb1/.m2/repository/com/netflix/servo/servo-internal/0.10.1/servo-internal-0.10.1.jar]
11:25:45.281 [main] DEBUG org.springframework.core.io.support.PathMatchingResourcePatternResolver - Looking for matching resources in jar file [file:/C:/Users/plamb1/.m2/repository/com/sun/jersey/jersey-core/1.19.1/jersey-core-1.19.1.jar]
11:25:45.283 [main] DEBUG org.springframework.core.io.support.PathMatchingResourcePatternResolver - Looking for matching resources in jar file [file:/C:/Users/plamb1/.m2/repository/com/sun/jersey/jersey-client/1.19.1/jersey-client-1.19.1.jar]
11:25:45.285 [main] DEBUG org.springframework.core.io.support.PathMatchingResourcePatternResolver - Looking for matching resources in jar file [file:/C:/Users/plamb1/.m2/repository/com/sun/jersey/contribs/jersey-apache-client4/1.19.1/jersey-apache-client4-1.19.1.jar]
11:25:45.285 [main] DEBUG org.springframework.core.io.support.PathMatchingResourcePatternResolver - Looking for matching resources in jar file [file:/C:/Users/plamb1/.m2/repository/com/google/inject/guice/4.0/guice-4.0.jar]
11:25:45.288 [main] DEBUG org.springframework.core.io.support.PathMatchingResourcePatternResolver - Looking for matching resources in jar file [file:/C:/Users/plamb1/.m2/repository/com/netflix/governator/governator-api/1.12.10/governator-api-1.12.10.jar]
11:25:45.289 [main] DEBUG org.springframework.core.io.support.PathMatchingResourcePatternResolver - Looking for matching resources in jar file [file:/C:/Users/plamb1/.m2/repository/com/netflix/eureka/eureka-core/1.4.12/eureka-core-1.4.12.jar]
11:25:45.291 [main] DEBUG org.springframework.core.io.support.PathMatchingResourcePatternResolver - Looking for matching resources in jar file [file:/C:/Users/plamb1/.m2/repository/com/netflix/governator/governator/1.12.10/governator-1.12.10.jar]
11:25:45.292 [main] DEBUG org.springframework.core.io.support.PathMatchingResourcePatternResolver - Looking for matching resources in jar file [file:/C:/Users/plamb1/.m2/repository/com/netflix/governator/governator-core/1.12.10/governator-core-1.12.10.jar]
11:25:45.294 [main] DEBUG org.springframework.core.io.support.PathMatchingResourcePatternResolver - Looking for matching resources in jar file [file:/C:/Users/plamb1/.m2/repository/com/google/inject/extensions/guice-multibindings/4.0/guice-multibindings-4.0.jar]
11:25:45.295 [main] DEBUG org.springframework.core.io.support.PathMatchingResourcePatternResolver - Looking for matching resources in jar file [file:/C:/Users/plamb1/.m2/repository/com/google/inject/extensions/guice-grapher/4.0/guice-grapher-4.0.jar]
11:25:45.295 [main] DEBUG org.springframework.core.io.support.PathMatchingResourcePatternResolver - Looking for matching resources in jar file [file:/C:/Users/plamb1/.m2/repository/com/google/inject/extensions/guice-assistedinject/4.0/guice-assistedinject-4.0.jar]
11:25:45.296 [main] DEBUG org.springframework.core.io.support.PathMatchingResourcePatternResolver - Looking for matching resources in jar file [file:/C:/Users/plamb1/.m2/repository/org/codehaus/woodstox/woodstox-core-asl/4.4.1/woodstox-core-asl-4.4.1.jar]
11:25:45.298 [main] DEBUG org.springframework.core.io.support.PathMatchingResourcePatternResolver - Looking for matching resources in jar file [file:/C:/Users/plamb1/.m2/repository/com/netflix/ribbon/ribbon/2.2.0/ribbon-2.2.0.jar]
11:25:45.299 [main] DEBUG org.springframework.core.io.support.PathMatchingResourcePatternResolver - Looking for matching resources in jar file [file:/C:/Users/plamb1/.m2/repository/com/netflix/ribbon/ribbon-transport/2.2.0/ribbon-transport-2.2.0.jar]
11:25:45.299 [main] DEBUG org.springframework.core.io.support.PathMatchingResourcePatternResolver - Looking for matching resources in jar file [file:/C:/Users/plamb1/.m2/repository/io/reactivex/rxnetty-contexts/0.4.9/rxnetty-contexts-0.4.9.jar]
11:25:45.300 [main] DEBUG org.springframework.core.io.support.PathMatchingResourcePatternResolver - Looking for matching resources in jar file [file:/C:/Users/plamb1/.m2/repository/com/netflix/hystrix/hystrix-core/1.5.6/hystrix-core-1.5.6.jar]
11:25:45.303 [main] DEBUG org.springframework.core.io.support.PathMatchingResourcePatternResolver - Looking for matching resources in jar file [file:/C:/Users/plamb1/.m2/repository/com/netflix/ribbon/ribbon-core/2.2.0/ribbon-core-2.2.0.jar]
11:25:45.304 [main] DEBUG org.springframework.core.io.support.PathMatchingResourcePatternResolver - Looking for matching resources in jar file [file:/C:/Users/plamb1/.m2/repository/com/netflix/ribbon/ribbon-httpclient/2.2.0/ribbon-httpclient-2.2.0.jar]
11:25:45.305 [main] DEBUG org.springframework.core.io.support.PathMatchingResourcePatternResolver - Looking for matching resources in jar file [file:/C:/Users/plamb1/.m2/repository/com/netflix/netflix-commons/netflix-commons-util/0.1.1/netflix-commons-util-0.1.1.jar]
11:25:45.305 [main] DEBUG org.springframework.core.io.support.PathMatchingResourcePatternResolver - Looking for matching resources in jar file [file:/C:/Users/plamb1/.m2/repository/com/netflix/ribbon/ribbon-loadbalancer/2.2.0/ribbon-loadbalancer-2.2.0.jar]
11:25:45.306 [main] DEBUG org.springframework.core.io.support.PathMatchingResourcePatternResolver - Looking for matching resources in jar file [file:/C:/Users/plamb1/.m2/repository/com/netflix/netflix-commons/netflix-statistics/0.1.1/netflix-statistics-0.1.1.jar]
11:25:45.306 [main] DEBUG org.springframework.core.io.support.PathMatchingResourcePatternResolver - Looking for matching resources in jar file [file:/C:/Users/plamb1/.m2/repository/com/netflix/ribbon/ribbon-eureka/2.2.0/ribbon-eureka-2.2.0.jar]
11:25:45.307 [main] DEBUG org.springframework.core.io.support.PathMatchingResourcePatternResolver - Looking for matching resources in jar file [file:/C:/Users/plamb1/.m2/repository/com/thoughtworks/xstream/xstream/1.4.9/xstream-1.4.9.jar]
11:25:45.309 [main] DEBUG org.springframework.core.io.support.PathMatchingResourcePatternResolver - Resolved location pattern [classpath*:com/*.class] to resources []
11:25:45.313 [main] DEBUG org.springframework.test.context.junit4.SpringJUnit4ClassRunner - SpringJUnit4ClassRunner constructor called with [class com.sample.api.test.ProductServiceTest]
11:25:45.314 [main] DEBUG org.springframework.test.context.BootstrapUtils - Instantiating CacheAwareContextLoaderDelegate from class [org.springframework.test.context.cache.DefaultCacheAwareContextLoaderDelegate]
11:25:45.314 [main] DEBUG org.springframework.test.context.BootstrapUtils - Instantiating BootstrapContext using constructor [public org.springframework.test.context.support.DefaultBootstrapContext(java.lang.Class,org.springframework.test.context.CacheAwareContextLoaderDelegate)]
11:25:45.315 [main] DEBUG org.springframework.test.context.BootstrapUtils - Instantiating TestContextBootstrapper for test class [com.sample.api.test.ProductServiceTest] from class [org.springframework.boot.test.context.SpringBootTestContextBootstrapper]
11:25:45.316 [main] INFO org.springframework.boot.test.context.SpringBootTestContextBootstrapper - Neither @ContextConfiguration nor @ContextHierarchy found for test class [com.sample.api.test.ProductServiceTest], using SpringBootContextLoader
11:25:45.318 [main] DEBUG org.springframework.test.context.support.AbstractContextLoader - Did not detect default resource location for test class [com.sample.api.test.ProductServiceTest]: class path resource [com/sample/api/test/ProductServiceTest-context.xml] does not exist
11:25:45.318 [main] DEBUG org.springframework.test.context.support.AbstractContextLoader - Did not detect default resource location for test class [com.sample.api.test.ProductServiceTest]: class path resource [com/sample/api/test/ProductServiceTestContext.groovy] does not exist
11:25:45.319 [main] INFO org.springframework.test.context.support.AbstractContextLoader - Could not detect default resource locations for test class [com.sample.api.test.ProductServiceTest]: no resource found for suffixes {-context.xml, Context.groovy}.
11:25:45.319 [main] INFO org.springframework.test.context.support.AnnotationConfigContextLoaderUtils - Could not detect default configuration classes for test class [com.sample.api.test.ProductServiceTest]: ProductServiceTest does not declare any static, non-private, non-final, nested classes annotated with @Configuration.
11:25:45.328 [main] DEBUG org.springframework.test.context.support.ActiveProfilesUtils - Could not find an 'annotation declaring class' for annotation type [org.springframework.test.context.ActiveProfiles] and class [com.sample.api.test.ProductServiceTest]
11:25:45.328 [main] DEBUG org.springframework.core.env.StandardEnvironment - Adding [systemProperties] PropertySource with lowest search precedence
11:25:45.328 [main] DEBUG org.springframework.core.env.StandardEnvironment - Adding [systemEnvironment] PropertySource with lowest search precedence
11:25:45.328 [main] DEBUG org.springframework.core.env.StandardEnvironment - Initialized StandardEnvironment with PropertySources [systemProperties,systemEnvironment]
11:25:45.329 [main] DEBUG org.springframework.core.io.support.PathMatchingResourcePatternResolver - Resolved classpath location [com/sample/api/test/] to resources [URL [file:/D:/20.%20My%20Research/Hackathon/pinkpenther/pinkpenther/target/test-classes/com/sample/api/test/]]
11:25:45.329 [main] DEBUG org.springframework.core.io.support.PathMatchingResourcePatternResolver - Looking for matching resources in directory tree [D:\20. My Research\Hackathon\pinkpenther\pinkpenther\target\test-classes\com\sample\api\test]
11:25:45.329 [main] DEBUG org.springframework.core.io.support.PathMatchingResourcePatternResolver - Searching directory [D:\20. My Research\Hackathon\pinkpenther\pinkpenther\target\test-classes\com\sample\api\test] for files matching pattern [D:/20. My Research/Hackathon/pinkpenther/pinkpenther/target/test-classes/com/sample/api/test/*.class]
11:25:45.330 [main] DEBUG org.springframework.core.io.support.PathMatchingResourcePatternResolver - Resolved location pattern [classpath*:com/sample/api/test/*.class] to resources [file [D:\20. My Research\Hackathon\pinkpenther\pinkpenther\target\test-classes\com\sample\api\test\ProductServiceTest.class]]
11:25:45.332 [main] DEBUG org.springframework.core.io.support.PathMatchingResourcePatternResolver - Resolved classpath location [com/sample/api/] to resources [URL [file:/D:/20.%20My%20Research/Hackathon/pinkpenther/pinkpenther/target/test-classes/com/sample/api/], URL [file:/D:/20.%20My%20Research/Hackathon/pinkpenther/pinkpenther/target/classes/com/sample/api/]]
11:25:45.333 [main] DEBUG org.springframework.core.io.support.PathMatchingResourcePatternResolver - Looking for matching resources in directory tree [D:\20. My Research\Hackathon\pinkpenther\pinkpenther\target\test-classes\com\sample\api]
11:25:45.333 [main] DEBUG org.springframework.core.io.support.PathMatchingResourcePatternResolver - Searching directory [D:\20. My Research\Hackathon\pinkpenther\pinkpenther\target\test-classes\com\sample\api] for files matching pattern [D:/20. My Research/Hackathon/pinkpenther/pinkpenther/target/test-classes/com/sample/api/*.class]
11:25:45.334 [main] DEBUG org.springframework.core.io.support.PathMatchingResourcePatternResolver - Looking for matching resources in directory tree [D:\20. My Research\Hackathon\pinkpenther\pinkpenther\target\classes\com\sample\api]
11:25:45.334 [main] DEBUG org.springframework.core.io.support.PathMatchingResourcePatternResolver - Searching directory [D:\20. My Research\Hackathon\pinkpenther\pinkpenther\target\classes\com\sample\api] for files matching pattern [D:/20. My Research/Hackathon/pinkpenther/pinkpenther/target/classes/com/sample/api/*.class]
11:25:45.334 [main] DEBUG org.springframework.core.io.support.PathMatchingResourcePatternResolver - Resolved location pattern [classpath*:com/sample/api/*.class] to resources []
11:25:45.335 [main] DEBUG org.springframework.core.io.support.PathMatchingResourcePatternResolver - Resolved classpath location [com/sample/] to resources [URL [file:/D:/20.%20My%20Research/Hackathon/pinkpenther/pinkpenther/target/test-classes/com/sample/], URL [file:/D:/20.%20My%20Research/Hackathon/pinkpenther/pinkpenther/target/classes/com/sample/]]
11:25:45.335 [main] DEBUG org.springframework.core.io.support.PathMatchingResourcePatternResolver - Looking for matching resources in directory tree [D:\20. My Research\Hackathon\pinkpenther\pinkpenther\target\test-classes\com\sample]
11:25:45.335 [main] DEBUG org.springframework.core.io.support.PathMatchingResourcePatternResolver - Searching directory [D:\20. My Research\Hackathon\pinkpenther\pinkpenther\target\test-classes\com\sample] for files matching pattern [D:/20. My Research/Hackathon/pinkpenther/pinkpenther/target/test-classes/com/sample/*.class]
11:25:45.336 [main] DEBUG org.springframework.core.io.support.PathMatchingResourcePatternResolver - Looking for matching resources in directory tree [D:\20. My Research\Hackathon\pinkpenther\pinkpenther\target\classes\com\sample]
11:25:45.336 [main] DEBUG org.springframework.core.io.support.PathMatchingResourcePatternResolver - Searching directory [D:\20. My Research\Hackathon\pinkpenther\pinkpenther\target\classes\com\sample] for files matching pattern [D:/20. My Research/Hackathon/pinkpenther/pinkpenther/target/classes/com/sample/*.class]
11:25:45.337 [main] DEBUG org.springframework.core.io.support.PathMatchingResourcePatternResolver - Resolved location pattern [classpath*:com/sample/*.class] to resources []
11:25:45.340 [main] DEBUG org.springframework.core.io.support.PathMatchingResourcePatternResolver - Resolved classpath location [com/] to resources [URL [file:/D:/20.%20My%20Research/Hackathon/pinkpenther/pinkpenther/target/test-classes/com/], URL [file:/D:/20.%20My%20Research/Hackathon/pinkpenther/pinkpenther/target/classes/com/], URL [jar:file:/C:/Users/plamb1/.m2/repository/com/fasterxml/jackson/core/jackson-databind/2.8.6/jackson-databind-2.8.6.jar!/com/], URL [jar:file:/C:/Users/plamb1/.m2/repository/com/jayway/jsonpath/json-path/2.2.0/json-path-2.2.0.jar!/com/], URL [jar:file:/C:/Users/plamb1/.m2/repository/com/google/guava/guava/18.0/guava-18.0.jar!/com/], URL [jar:file:/C:/Users/plamb1/.m2/repository/com/fasterxml/classmate/1.3.3/classmate-1.3.3.jar!/com/], URL [jar:file:/C:/Users/plamb1/.m2/repository/com/fasterxml/jackson/datatype/jackson-datatype-joda/2.8.6/jackson-datatype-joda-2.8.6.jar!/com/], URL [jar:file:/C:/Users/plamb1/.m2/repository/com/fasterxml/jackson/core/jackson-annotations/2.8.0/jackson-annotations-2.8.0.jar!/com/], URL [jar:file:/C:/Users/plamb1/.m2/repository/com/fasterxml/jackson/core/jackson-core/2.8.6/jackson-core-2.8.6.jar!/com/], URL [jar:file:/C:/Users/plamb1/.m2/repository/com/netflix/eureka/eureka-client/1.4.12/eureka-client-1.4.12.jar!/com/], URL [jar:file:/C:/Users/plamb1/.m2/repository/com/netflix/netflix-commons/netflix-eventbus/0.3.0/netflix-eventbus-0.3.0.jar!/com/], URL [jar:file:/C:/Users/plamb1/.m2/repository/com/netflix/netflix-commons/netflix-infix/0.3.0/netflix-infix-0.3.0.jar!/com/], URL [jar:file:/C:/Users/plamb1/.m2/repository/com/google/code/gson/gson/2.8.0/gson-2.8.0.jar!/com/], URL [jar:file:/C:/Users/plamb1/.m2/repository/com/netflix/archaius/archaius-core/0.7.4/archaius-core-0.7.4.jar!/com/], URL [jar:file:/C:/Users/plamb1/.m2/repository/com/netflix/servo/servo-core/0.10.1/servo-core-0.10.1.jar!/com/], URL [jar:file:/C:/Users/plamb1/.m2/repository/com/netflix/servo/servo-internal/0.10.1/servo-internal-0.10.1.jar!/com/], URL [jar:file:/C:/Users/plamb1/.m2/repository/com/sun/jersey/jersey-core/1.19.1/jersey-core-1.19.1.jar!/com/], URL [jar:file:/C:/Users/plamb1/.m2/repository/com/sun/jersey/jersey-client/1.19.1/jersey-client-1.19.1.jar!/com/], URL [jar:file:/C:/Users/plamb1/.m2/repository/com/sun/jersey/contribs/jersey-apache-client4/1.19.1/jersey-apache-client4-1.19.1.jar!/com/], URL [jar:file:/C:/Users/plamb1/.m2/repository/com/google/inject/guice/4.0/guice-4.0.jar!/com/], URL [jar:file:/C:/Users/plamb1/.m2/repository/com/netflix/governator/governator-api/1.12.10/governator-api-1.12.10.jar!/com/], URL [jar:file:/C:/Users/plamb1/.m2/repository/com/netflix/eureka/eureka-core/1.4.12/eureka-core-1.4.12.jar!/com/], URL [jar:file:/C:/Users/plamb1/.m2/repository/com/netflix/governator/governator/1.12.10/governator-1.12.10.jar!/com/], URL [jar:file:/C:/Users/plamb1/.m2/repository/com/netflix/governator/governator-core/1.12.10/governator-core-1.12.10.jar!/com/], URL [jar:file:/C:/Users/plamb1/.m2/repository/com/google/inject/extensions/guice-multibindings/4.0/guice-multibindings-4.0.jar!/com/], URL [jar:file:/C:/Users/plamb1/.m2/repository/com/google/inject/extensions/guice-grapher/4.0/guice-grapher-4.0.jar!/com/], URL [jar:file:/C:/Users/plamb1/.m2/repository/com/google/inject/extensions/guice-assistedinject/4.0/guice-assistedinject-4.0.jar!/com/], URL [jar:file:/C:/Users/plamb1/.m2/repository/org/codehaus/woodstox/woodstox-core-asl/4.4.1/woodstox-core-asl-4.4.1.jar!/com/], URL [jar:file:/C:/Users/plamb1/.m2/repository/com/netflix/ribbon/ribbon/2.2.0/ribbon-2.2.0.jar!/com/], URL [jar:file:/C:/Users/plamb1/.m2/repository/com/netflix/ribbon/ribbon-transport/2.2.0/ribbon-transport-2.2.0.jar!/com/], URL [jar:file:/C:/Users/plamb1/.m2/repository/io/reactivex/rxnetty-contexts/0.4.9/rxnetty-contexts-0.4.9.jar!/com/], URL [jar:file:/C:/Users/plamb1/.m2/repository/com/netflix/hystrix/hystrix-core/1.5.6/hystrix-core-1.5.6.jar!/com/], URL [jar:file:/C:/Users/plamb1/.m2/repository/com/netflix/ribbon/ribbon-core/2.2.0/ribbon-core-2.2.0.jar!/com/], URL [jar:file:/C:/Users/plamb1/.m2/repository/com/netflix/ribbon/ribbon-httpclient/2.2.0/ribbon-httpclient-2.2.0.jar!/com/], URL [jar:file:/C:/Users/plamb1/.m2/repository/com/netflix/netflix-commons/netflix-commons-util/0.1.1/netflix-commons-util-0.1.1.jar!/com/], URL [jar:file:/C:/Users/plamb1/.m2/repository/com/netflix/ribbon/ribbon-loadbalancer/2.2.0/ribbon-loadbalancer-2.2.0.jar!/com/], URL [jar:file:/C:/Users/plamb1/.m2/repository/com/netflix/netflix-commons/netflix-statistics/0.1.1/netflix-statistics-0.1.1.jar!/com/], URL [jar:file:/C:/Users/plamb1/.m2/repository/com/netflix/ribbon/ribbon-eureka/2.2.0/ribbon-eureka-2.2.0.jar!/com/], URL [jar:file:/C:/Users/plamb1/.m2/repository/com/thoughtworks/xstream/xstream/1.4.9/xstream-1.4.9.jar!/com/]]
11:25:45.341 [main] DEBUG org.springframework.core.io.support.PathMatchingResourcePatternResolver - Looking for matching resources in directory tree [D:\20. My Research\Hackathon\pinkpenther\pinkpenther\target\test-classes\com]
11:25:45.341 [main] DEBUG org.springframework.core.io.support.PathMatchingResourcePatternResolver - Searching directory [D:\20. My Research\Hackathon\pinkpenther\pinkpenther\target\test-classes\com] for files matching pattern [D:/20. My Research/Hackathon/pinkpenther/pinkpenther/target/test-classes/com/*.class]
11:25:45.342 [main] DEBUG org.springframework.core.io.support.PathMatchingResourcePatternResolver - Looking for matching resources in directory tree [D:\20. My Research\Hackathon\pinkpenther\pinkpenther\target\classes\com]
11:25:45.342 [main] DEBUG org.springframework.core.io.support.PathMatchingResourcePatternResolver - Searching directory [D:\20. My Research\Hackathon\pinkpenther\pinkpenther\target\classes\com] for files matching pattern [D:/20. My Research/Hackathon/pinkpenther/pinkpenther/target/classes/com/*.class]
11:25:45.343 [main] DEBUG org.springframework.core.io.support.PathMatchingResourcePatternResolver - Looking for matching resources in jar file [file:/C:/Users/plamb1/.m2/repository/com/fasterxml/jackson/core/jackson-databind/2.8.6/jackson-databind-2.8.6.jar]
11:25:45.348 [main] DEBUG org.springframework.core.io.support.PathMatchingResourcePatternResolver - Looking for matching resources in jar file [file:/C:/Users/plamb1/.m2/repository/com/jayway/jsonpath/json-path/2.2.0/json-path-2.2.0.jar]
11:25:45.350 [main] DEBUG org.springframework.core.io.support.PathMatchingResourcePatternResolver - Looking for matching resources in jar file [file:/C:/Users/plamb1/.m2/repository/com/google/guava/guava/18.0/guava-18.0.jar]
11:25:45.359 [main] DEBUG org.springframework.core.io.support.PathMatchingResourcePatternResolver - Looking for matching resources in jar file [file:/C:/Users/plamb1/.m2/repository/com/fasterxml/classmate/1.3.3/classmate-1.3.3.jar]
11:25:45.359 [main] DEBUG org.springframework.core.io.support.PathMatchingResourcePatternResolver - Looking for matching resources in jar file [file:/C:/Users/plamb1/.m2/repository/com/fasterxml/jackson/datatype/jackson-datatype-joda/2.8.6/jackson-datatype-joda-2.8.6.jar]
11:25:45.360 [main] DEBUG org.springframework.core.io.support.PathMatchingResourcePatternResolver - Looking for matching resources in jar file [file:/C:/Users/plamb1/.m2/repository/com/fasterxml/jackson/core/jackson-annotations/2.8.0/jackson-annotations-2.8.0.jar]
11:25:45.361 [main] DEBUG org.springframework.core.io.support.PathMatchingResourcePatternResolver - Looking for matching resources in jar file [file:/C:/Users/plamb1/.m2/repository/com/fasterxml/jackson/core/jackson-core/2.8.6/jackson-core-2.8.6.jar]
11:25:45.362 [main] DEBUG org.springframework.core.io.support.PathMatchingResourcePatternResolver - Looking for matching resources in jar file [file:/C:/Users/plamb1/.m2/repository/com/netflix/eureka/eureka-client/1.4.12/eureka-client-1.4.12.jar]
11:25:45.363 [main] DEBUG org.springframework.core.io.support.PathMatchingResourcePatternResolver - Looking for matching resources in jar file [file:/C:/Users/plamb1/.m2/repository/com/netflix/netflix-commons/netflix-eventbus/0.3.0/netflix-eventbus-0.3.0.jar]
11:25:45.364 [main] DEBUG org.springframework.core.io.support.PathMatchingResourcePatternResolver - Looking for matching resources in jar file [file:/C:/Users/plamb1/.m2/repository/com/netflix/netflix-commons/netflix-infix/0.3.0/netflix-infix-0.3.0.jar]
11:25:45.365 [main] DEBUG org.springframework.core.io.support.PathMatchingResourcePatternResolver - Looking for matching resources in jar file [file:/C:/Users/plamb1/.m2/repository/com/google/code/gson/gson/2.8.0/gson-2.8.0.jar]
11:25:45.366 [main] DEBUG org.springframework.core.io.support.PathMatchingResourcePatternResolver - Looking for matching resources in jar file [file:/C:/Users/plamb1/.m2/repository/com/netflix/archaius/archaius-core/0.7.4/archaius-core-0.7.4.jar]
11:25:45.367 [main] DEBUG org.springframework.core.io.support.PathMatchingResourcePatternResolver - Looking for matching resources in jar file [file:/C:/Users/plamb1/.m2/repository/com/netflix/servo/servo-core/0.10.1/servo-core-0.10.1.jar]
11:25:45.368 [main] DEBUG org.springframework.core.io.support.PathMatchingResourcePatternResolver - Looking for matching resources in jar file [file:/C:/Users/plamb1/.m2/repository/com/netflix/servo/servo-internal/0.10.1/servo-internal-0.10.1.jar]
11:25:45.369 [main] DEBUG org.springframework.core.io.support.PathMatchingResourcePatternResolver - Looking for matching resources in jar file [file:/C:/Users/plamb1/.m2/repository/com/sun/jersey/jersey-core/1.19.1/jersey-core-1.19.1.jar]
11:25:45.372 [main] DEBUG org.springframework.core.io.support.PathMatchingResourcePatternResolver - Looking for matching resources in jar file [file:/C:/Users/plamb1/.m2/repository/com/sun/jersey/jersey-client/1.19.1/jersey-client-1.19.1.jar]
11:25:45.373 [main] DEBUG org.springframework.core.io.support.PathMatchingResourcePatternResolver - Looking for matching resources in jar file [file:/C:/Users/plamb1/.m2/repository/com/sun/jersey/contribs/jersey-apache-client4/1.19.1/jersey-apache-client4-1.19.1.jar]
11:25:45.373 [main] DEBUG org.springframework.core.io.support.PathMatchingResourcePatternResolver - Looking for matching resources in jar file [file:/C:/Users/plamb1/.m2/repository/com/google/inject/guice/4.0/guice-4.0.jar]
11:25:45.376 [main] DEBUG org.springframework.core.io.support.PathMatchingResourcePatternResolver - Looking for matching resources in jar file [file:/C:/Users/plamb1/.m2/repository/com/netflix/governator/governator-api/1.12.10/governator-api-1.12.10.jar]
11:25:45.376 [main] DEBUG org.springframework.core.io.support.PathMatchingResourcePatternResolver - Looking for matching resources in jar file [file:/C:/Users/plamb1/.m2/repository/com/netflix/eureka/eureka-core/1.4.12/eureka-core-1.4.12.jar]
11:25:45.378 [main] DEBUG org.springframework.core.io.support.PathMatchingResourcePatternResolver - Looking for matching resources in jar file [file:/C:/Users/plamb1/.m2/repository/com/netflix/governator/governator/1.12.10/governator-1.12.10.jar]
11:25:45.379 [main] DEBUG org.springframework.core.io.support.PathMatchingResourcePatternResolver - Looking for matching resources in jar file [file:/C:/Users/plamb1/.m2/repository/com/netflix/governator/governator-core/1.12.10/governator-core-1.12.10.jar]
11:25:45.381 [main] DEBUG org.springframework.core.io.support.PathMatchingResourcePatternResolver - Looking for matching resources in jar file [file:/C:/Users/plamb1/.m2/repository/com/google/inject/extensions/guice-multibindings/4.0/guice-multibindings-4.0.jar]
11:25:45.381 [main] DEBUG org.springframework.core.io.support.PathMatchingResourcePatternResolver - Looking for matching resources in jar file [file:/C:/Users/plamb1/.m2/repository/com/google/inject/extensions/guice-grapher/4.0/guice-grapher-4.0.jar]
11:25:45.382 [main] DEBUG org.springframework.core.io.support.PathMatchingResourcePatternResolver - Looking for matching resources in jar file [file:/C:/Users/plamb1/.m2/repository/com/google/inject/extensions/guice-assistedinject/4.0/guice-assistedinject-4.0.jar]
11:25:45.382 [main] DEBUG org.springframework.core.io.support.PathMatchingResourcePatternResolver - Looking for matching resources in jar file [file:/C:/Users/plamb1/.m2/repository/org/codehaus/woodstox/woodstox-core-asl/4.4.1/woodstox-core-asl-4.4.1.jar]
11:25:45.384 [main] DEBUG org.springframework.core.io.support.PathMatchingResourcePatternResolver - Looking for matching resources in jar file [file:/C:/Users/plamb1/.m2/repository/com/netflix/ribbon/ribbon/2.2.0/ribbon-2.2.0.jar]
11:25:45.385 [main] DEBUG org.springframework.core.io.support.PathMatchingResourcePatternResolver - Looking for matching resources in jar file [file:/C:/Users/plamb1/.m2/repository/com/netflix/ribbon/ribbon-transport/2.2.0/ribbon-transport-2.2.0.jar]
11:25:45.386 [main] DEBUG org.springframework.core.io.support.PathMatchingResourcePatternResolver - Looking for matching resources in jar file [file:/C:/Users/plamb1/.m2/repository/io/reactivex/rxnetty-contexts/0.4.9/rxnetty-contexts-0.4.9.jar]
11:25:45.387 [main] DEBUG org.springframework.core.io.support.PathMatchingResourcePatternResolver - Looking for matching resources in jar file [file:/C:/Users/plamb1/.m2/repository/com/netflix/hystrix/hystrix-core/1.5.6/hystrix-core-1.5.6.jar]
11:25:45.389 [main] DEBUG org.springframework.core.io.support.PathMatchingResourcePatternResolver - Looking for matching resources in jar file [file:/C:/Users/plamb1/.m2/repository/com/netflix/ribbon/ribbon-core/2.2.0/ribbon-core-2.2.0.jar]
11:25:45.390 [main] DEBUG org.springframework.core.io.support.PathMatchingResourcePatternResolver - Looking for matching resources in jar file [file:/C:/Users/plamb1/.m2/repository/com/netflix/ribbon/ribbon-httpclient/2.2.0/ribbon-httpclient-2.2.0.jar]
11:25:45.391 [main] DEBUG org.springframework.core.io.support.PathMatchingResourcePatternResolver - Looking for matching resources in jar file [file:/C:/Users/plamb1/.m2/repository/com/netflix/netflix-commons/netflix-commons-util/0.1.1/netflix-commons-util-0.1.1.jar]
11:25:45.391 [main] DEBUG org.springframework.core.io.support.PathMatchingResourcePatternResolver - Looking for matching resources in jar file [file:/C:/Users/plamb1/.m2/repository/com/netflix/ribbon/ribbon-loadbalancer/2.2.0/ribbon-loadbalancer-2.2.0.jar]
11:25:45.392 [main] DEBUG org.springframework.core.io.support.PathMatchingResourcePatternResolver - Looking for matching resources in jar file [file:/C:/Users/plamb1/.m2/repository/com/netflix/netflix-commons/netflix-statistics/0.1.1/netflix-statistics-0.1.1.jar]
11:25:45.393 [main] DEBUG org.springframework.core.io.support.PathMatchingResourcePatternResolver - Looking for matching resources in jar file [file:/C:/Users/plamb1/.m2/repository/com/netflix/ribbon/ribbon-eureka/2.2.0/ribbon-eureka-2.2.0.jar]
11:25:45.393 [main] DEBUG org.springframework.core.io.support.PathMatchingResourcePatternResolver - Looking for matching resources in jar file [file:/C:/Users/plamb1/.m2/repository/com/thoughtworks/xstream/xstream/1.4.9/xstream-1.4.9.jar]
11:25:45.395 [main] DEBUG org.springframework.core.io.support.PathMatchingResourcePatternResolver - Resolved location pattern [classpath*:com/*.class] to resources []
]]></system-out>
  </testcase>
</testsuite>